<?xml version="1.0" encoding="UTF-8"?>
<!-- Generated by org.testng.reporters.JUnitReportReporter -->
<testsuite hostname="DESKTOP-BLNM92K" failures="0" tests="1" name="pomoarnge.LoginTest" time="1.568" errors="0" timestamp="2024-09-06T16:44:08 IST" skipped="0">
  <testcase classname="pomoarnge.LoginTest" name="testLogin" time="1.568"/>
</testsuite> <!-- pomoarnge.LoginTest -->
